<?xml version="1.0" encoding="UTF-8"?><testsuite errors="0" failures="1" name="Validar el funcionamiento de la creacion de una cuenta en la pagina demoblaze" skipped="0" tests="1" time="0.0" timestamp="2022-05-25 01:40:40"><testcase name="Validar el funcionamiento de la creacion de una cuenta"><failure message="Error al abrir el navegador 'chrome'" type="java.lang.AssertionError">Error al abrir el navegador 'chrome'</failure><system-err>Error al abrir el navegador 'chrome'
com.bdd.page.Browser.Start(Browser.java:54)
com.bdd.page.DemoBlazePage.queElUsuarioIngresaALaPaginaDemoblazeEnElNavegadorDe(DemoBlazePage.java:27)
com.bdd.step.DemoBlazeStep.queElUsuarioIngresaALaPaginaDemoblazeEnElNavegadorDe(DemoBlazeStep.java:13)
com.bdd.stepdefinition.DemoBlazeStepDefinition.queElUsuarioIngresaALaPaginaDemoblazeEnElNavegadorDe(DemoBlazeStepDefinition.java:17)
cucumber.runner.Runner.runPickle(Runner.java:80)
</system-err></testcase></testsuite>